[handleMsg]:  {
  key: {
    remoteJid: '50497090582@s.whatsapp.net',
    fromMe: false,
    id: 'E297DE1D4B110C6088617A1CFD953799',
    participant: undefined
  },
  messageTimestamp: 1695575123,
  pushName: 'Rfunes',
  broadcast: false,
  message: Message {
    conversation: 'Menu',
    messageContextInfo: MessageContextInfo {
      deviceListMetadata: [DeviceListMetadata],
      deviceListMetadataVersion: 2
    }
  },
  body: 'Menu',
  from: '50497090582'
}
[QUEUE_SE_ENVIO]:  {
  ref: 'ans_3108fe9b-f09c-48dd-acd6-189c6ce7f992',
  keyword: 'key_e4238a40-f95f-4def-b9d3-770b607ec1c9',
  answer: 'Hola mi nombre es *parador bot* 🔩 soy el agente\n' +
    'de servicio al cliente automatizado',
  options: {
    media: null,
    buttons: [],
    capture: false,
    child: null,
    delay: 0,
    nested: [],
    keyword: {},
    callback: false
  },
  refSerialize: '651fdc85f26221c34ec37305d089f319'
}
[QUEUE_SE_ENVIO]:  {
  ref: 'ans_7ae35a84-f0a4-4720-9b20-d3a599f738d3',
  keyword: 'ans_3108fe9b-f09c-48dd-acd6-189c6ce7f992',
  answer: '*1)* Gestionar pedidos 📝\n' +
    '*2)* Reservacion de mesa ☎\n' +
    '*3)* Preguntas Frecuentes ❓\n' +
    '*4)* Sugerencias y recomendaciones 📬',
  options: {
    media: null,
    buttons: [],
    capture: false,
    child: null,
    delay: 0,
    nested: [
      [Object], [Object],
      [Object], [Object],
      [Object], [Object],
      [Object], [Object],
      [Object]
    ],
    keyword: {},
    callback: false
  },
  refSerialize: '6cdaeef7cff9f9de07ae1a20603db58b'
}
[handleMsg]:  {
  key: {
    remoteJid: '50497090582@s.whatsapp.net',
    fromMe: false,
    id: '9709CE237EB67C46899176F9FDEDEA31',
    participant: undefined
  },
  messageTimestamp: 1695575124,
  pushName: 'Rfunes',
  broadcast: false,
  message: Message {
    conversation: '1',
    messageContextInfo: MessageContextInfo {
      deviceListMetadata: [DeviceListMetadata],
      deviceListMetadataVersion: 2
    }
  },
  body: '1',
  from: '50497090582'
}
[QUEUE_SE_ENVIO]:  {
  ref: 'ans_8aadbfaf-fa03-4c66-a27b-fb9908b9132b',
  keyword: 'key_29eaedad-8976-4e8d-9f42-ffb6ea0c5cb2',
  answer: 'Bienvenido servicio a *domicilio* o *recogerlo* en una de nuestras sucursales',
  options: {
    media: null,
    buttons: [],
    capture: false,
    child: null,
    delay: 0,
    nested: [],
    keyword: {},
    callback: false
  },
  refSerialize: '2cf6109f91ea76e035dd1db38968f256'
}
[QUEUE_SE_ENVIO]:  {
  ref: 'ans_e53281dd-0231-4cbd-b6ee-6d59135fa17c',
  keyword: 'ans_8aadbfaf-fa03-4c66-a27b-fb9908b9132b',
  answer: '*1) Domicilio*\n*2) Pickup*\n*3) Regresar al*',
  options: {
    media: null,
    buttons: [],
    capture: true,
    child: null,
    delay: 0,
    nested: [],
    keyword: {},
    callback: true
  },
  refSerialize: 'bbd701a63b2b94e224196a9f63761acc'
}
[handleMsg]:  {
  key: {
    remoteJid: '50497090582@s.whatsapp.net',
    fromMe: false,
    id: 'CD8E6B1C77B2E029DB9A463DDE335DE2',
    participant: undefined
  },
  messageTimestamp: 1695575125,
  pushName: 'Rfunes',
  broadcast: false,
  message: Message {
    conversation: '1',
    messageContextInfo: MessageContextInfo {
      deviceListMetadata: [DeviceListMetadata],
      deviceListMetadataVersion: 2
    }
  },
  body: '1',
  from: '50497090582'
}
[QUEUE_SE_ENVIO]:  {
  ref: 'ans_edf02df4-eb0a-4234-94c5-0ad489cbe3a7',
  keyword: 'ans_e53281dd-0231-4cbd-b6ee-6d59135fa17c',
  answer: 'Cual es su nombre completo',
  options: {
    media: null,
    buttons: [],
    capture: true,
    child: null,
    delay: 0,
    nested: [],
    keyword: {},
    callback: true
  },
  refSerialize: '745304fcd72bb3f9baabff9592ec5f5a'
}
[handleMsg]:  {
  key: {
    remoteJid: '50497090582@s.whatsapp.net',
    fromMe: false,
    id: '4639B3CC3CFD8652DFC32969970A15CE',
    participant: undefined
  },
  messageTimestamp: 1695575125,
  pushName: 'Rfunes',
  broadcast: false,
  message: Message {
    conversation: '1',
    messageContextInfo: MessageContextInfo {
      deviceListMetadata: [DeviceListMetadata],
      deviceListMetadataVersion: 2
    }
  },
  body: '1',
  from: '50497090582'
}
[QUEUE_SE_ENVIO]:  {
  ref: 'ans_0a14cd43-b70f-46e8-a577-ad61c01362ca',
  keyword: 'ans_edf02df4-eb0a-4234-94c5-0ad489cbe3a7',
  answer: 'Cual es el numero de 📱 de la persona que recibira el pedido? favor escribirlo sin guiones y espacios\n' +
    ' *Ejemplo: 98802020*',
  options: {
    media: null,
    buttons: [],
    capture: true,
    child: null,
    delay: 0,
    nested: [],
    keyword: {},
    callback: true
  },
  refSerialize: '8068664f2759dd98bc9fe36d0d35fb56'
}
[handleMsg]:  {
  key: {
    remoteJid: '50497090582@s.whatsapp.net',
    fromMe: false,
    id: '24DF65CD2647035E28D9A5AAD8B7F34D',
    participant: undefined
  },
  messageTimestamp: 1695575127,
  pushName: 'Rfunes',
  broadcast: false,
  message: Message {
    conversation: '1',
    messageContextInfo: MessageContextInfo {
      deviceListMetadata: [DeviceListMetadata],
      deviceListMetadataVersion: 2
    }
  },
  body: '1',
  from: '50497090582'
}
[QUEUE_SE_ENVIO]:  {
  ref: 'ans_82ffaa41-842b-4636-ba75-597b60e29424',
  keyword: 'ans_0a14cd43-b70f-46e8-a577-ad61c01362ca',
  answer: 'Elija la sucursal donde recogera su pedido\n*1) Principal*',
  options: {
    media: null,
    buttons: [],
    capture: true,
    child: null,
    delay: 0,
    nested: [],
    keyword: {},
    callback: true
  },
  refSerialize: 'e1c7a988d76d045e70356223d3981232'
}
[handleMsg]:  {
  key: {
    remoteJid: '50497090582@s.whatsapp.net',
    fromMe: false,
    id: '6CA5B5F84AC3B628B6D3D3A023360ED9',
    participant: undefined
  },
  messageTimestamp: 1695575129,
  pushName: 'Rfunes',
  broadcast: false,
  message: Message {
    conversation: '1',
    messageContextInfo: MessageContextInfo {
      deviceListMetadata: [DeviceListMetadata],
      deviceListMetadataVersion: 2
    }
  },
  body: '1',
  from: '50497090582'
}
[QUEUE_SE_ENVIO]:  {
  ref: 'ans_6bc26045-926e-4bf0-9924-c20744abead6',
  keyword: 'ans_82ffaa41-842b-4636-ba75-597b60e29424',
  answer: 'se muestra el menu acontinuacion',
  options: {
    media: 'https://i.imgur.com/ZzOQwRD.png',
    buttons: [],
    capture: false,
    child: null,
    delay: 0,
    nested: [],
    keyword: {},
    callback: false
  },
  refSerialize: '864c2c01933ef8dff369ffa2b13f02df'
}
[QUEUE_SE_ENVIO]:  {
  ref: 'ans_0f603940-ae2a-483e-8538-bc96d67495b7',
  keyword: 'ans_6bc26045-926e-4bf0-9924-c20744abead6',
  answer: 'se muestra el menu acontinuacion',
  options: {
    media: 'https://i.imgur.com/F7zT3mI.png',
    buttons: [],
    capture: false,
    child: null,
    delay: 0,
    nested: [],
    keyword: {},
    callback: false
  },
  refSerialize: '8ffc042c68acde4b1400e8da7e577577'
}
[QUEUE_SE_ENVIO]:  {
  ref: 'ans_abbdf518-98bc-4e77-ba23-daf0e9d277a4',
  keyword: 'ans_0f603940-ae2a-483e-8538-bc96d67495b7',
  answer: 'Nuestro horario de atencion es de 9:00 AM  a 8:00 PM 🕘\n' +
    'A que horas desea pasar por su pedido?',
  options: {
    media: null,
    buttons: [],
    capture: true,
    child: null,
    delay: 0,
    nested: [ [Object], [Object], [Object], [Object] ],
    keyword: {},
    callback: true
  },
  refSerialize: '1d60ca0cb46b3309972f937be6175adc'
}
[handleMsg]:  {
  key: {
    remoteJid: '50497090582@s.whatsapp.net',
    fromMe: false,
    id: '0D0847F22FFB1002275C169E784709C8',
    participant: undefined
  },
  messageTimestamp: 1695575133,
  pushName: 'Rfunes',
  broadcast: false,
  message: Message {
    conversation: '1',
    messageContextInfo: MessageContextInfo {
      deviceListMetadata: [DeviceListMetadata],
      deviceListMetadataVersion: 2
    }
  },
  body: '1',
  from: '50497090582'
}
[QUEUE_SE_ENVIO]:  {
  ref: 'ans_0ec216f3-4ace-4819-8a8c-7557fcfa04d1',
  keyword: 'key_048e9afe-f09e-41b8-b12d-495d0c8248e0',
  answer: 'Espere un momento generando menu',
  options: {
    media: null,
    buttons: [],
    capture: false,
    child: null,
    delay: 0,
    nested: [],
    keyword: {},
    callback: true
  },
  refSerialize: 'e9de124655ce5d5e7e800301f521565c'
}
[QUEUE_SE_ENVIO]:  {
  ref: 'ans_66020834-2039-4d84-a680-b8a32bedda6f',
  keyword: 'ans_0ec216f3-4ace-4819-8a8c-7557fcfa04d1',
  answer: 'Escriba el numero de categoria que desea',
  options: {
    media: null,
    buttons: [],
    capture: true,
    child: null,
    delay: 0,
    nested: [ [Object], [Object] ],
    keyword: {},
    callback: true
  },
  refSerialize: '5e437f3120e294c5efa84870bfaf768f'
}
[handleMsg]:  {
  key: {
    remoteJid: '50497090582@s.whatsapp.net',
    fromMe: false,
    id: '2BB625BE41A77EB338AB502DA73A499D',
    participant: undefined
  },
  messageTimestamp: 1695575139,
  pushName: 'Rfunes',
  broadcast: false,
  message: Message {
    conversation: '2',
    messageContextInfo: MessageContextInfo {
      deviceListMetadata: [DeviceListMetadata],
      deviceListMetadataVersion: 2
    }
  },
  body: '2',
  from: '50497090582'
}
[QUEUE_SE_ENVIO]:  {
  ref: 'ans_4de3d2d8-7235-4e72-80e1-42942c2fcee5',
  keyword: 'key_4fbf6b79-e82d-4c31-8eab-b9c3b58a998b',
  answer: 'Escriba el producto que desea seleccionar',
  options: {
    media: null,
    buttons: [],
    capture: true,
    child: null,
    delay: 0,
    nested: [ [Object], [Object] ],
    keyword: {},
    callback: true
  },
  refSerialize: '5fca2c97630b3392c2a7de22300e2d6b'
}
[handleMsg]:  {
  key: {
    remoteJid: '50497090582@s.whatsapp.net',
    fromMe: false,
    id: 'F881DE4D2056D0B1EA45FB1FCB96EB7D',
    participant: undefined
  },
  messageTimestamp: 1695575142,
  pushName: 'Rfunes',
  broadcast: false,
  message: Message {
    conversation: '4',
    messageContextInfo: MessageContextInfo {
      deviceListMetadata: [DeviceListMetadata],
      deviceListMetadataVersion: 2
    }
  },
  body: '4',
  from: '50497090582'
}
[QUEUE_SE_ENVIO]:  {
  ref: 'ans_0322c421-f05d-46e8-b415-10e37ed1ae62',
  keyword: 'key_8b34f47d-dedc-4608-86c0-7e40d6da03fd',
  answer: 'Cuantos Productos desea ordenar',
  options: {
    media: null,
    buttons: [],
    capture: true,
    child: null,
    delay: 0,
    nested: [ [Object], [Object] ],
    keyword: {},
    callback: true
  },
  refSerialize: '2a7f4ee556eb563f28a805b7b57b9a21'
}
[handleMsg]:  {
  key: {
    remoteJid: '50497090582@s.whatsapp.net',
    fromMe: false,
    id: '5A5222B561C4914F885B7D416E52C2E5',
    participant: undefined
  },
  messageTimestamp: 1695575147,
  pushName: 'Rfunes',
  broadcast: false,
  message: Message {
    conversation: '2',
    messageContextInfo: MessageContextInfo {
      deviceListMetadata: [DeviceListMetadata],
      deviceListMetadataVersion: 2
    }
  },
  body: '2',
  from: '50497090582'
}
[QUEUE_SE_ENVIO]:  {
  ref: 'ans_7c2caff2-a858-46a4-b6b2-385b212d05e3',
  keyword: 'key_cabcac38-f076-4eac-9171-7df463fca3cd',
  answer: 'Gracias por ordenar su primer producto\n' +
    'Dese Agregar mas productos escriba agregar\n' +
    '*1) Si*\n' +
    '*2) NO*',
  options: {
    media: null,
    buttons: [],
    capture: true,
    child: null,
    delay: 0,
    nested: [ [Object], [Object], [Object] ],
    keyword: {},
    callback: true
  },
  refSerialize: 'ef31f6799d183f62d2df34aae434b165'
}
[handleMsg]:  {
  key: {
    remoteJid: '50497090582@s.whatsapp.net',
    fromMe: false,
    id: '9B43B182832E82FFE738FED0B0545458',
    participant: undefined
  },
  messageTimestamp: 1695575148,
  pushName: 'Rfunes',
  broadcast: false,
  message: Message {
    conversation: '2',
    messageContextInfo: MessageContextInfo {
      deviceListMetadata: [DeviceListMetadata],
      deviceListMetadataVersion: 2
    }
  },
  body: '2',
  from: '50497090582'
}
[QUEUE_SE_ENVIO]:  {
  ref: 'ans_aa8dde62-675e-4810-a028-f423cd447a61',
  keyword: 'key_0f823247-265a-428d-b479-eedd8e126060',
  answer: 'Desea hacer su pago con su tarjeta bancaria 💳 o en efectivo 💵 ?\n' +
    '*1) Tarjeta*\n' +
    '*2) Efectivo*',
  options: {
    media: null,
    buttons: [],
    capture: true,
    child: null,
    delay: 0,
    nested: [ [Object], [Object], [Object] ],
    keyword: {},
    callback: true
  },
  refSerialize: '162f6fd5d56f86d2b85aacf3f2b8024f'
}
[handleMsg]:  {
  key: {
    remoteJid: '50497090582@s.whatsapp.net',
    fromMe: false,
    id: '723CC0D5BC7625561A82DCD7063E156B',
    participant: undefined
  },
  messageTimestamp: 1695575150,
  pushName: 'Rfunes',
  broadcast: false,
  message: Message {
    conversation: '2',
    messageContextInfo: MessageContextInfo {
      deviceListMetadata: [DeviceListMetadata],
      deviceListMetadataVersion: 2
    }
  },
  body: '2',
  from: '50497090582'
}
[QUEUE_SE_ENVIO]:  {
  ref: 'ans_ee281980-aa39-4b6c-ba6d-d67b75f2c45e',
  keyword: 'key_2d38de9b-4012-428b-bc6f-46fa4722a4d7',
  answer: 'Ingrese su RNT por favor sin guiones ni espacios\n' +
    'si no desea agregar rtn escriba na',
  options: {
    media: null,
    buttons: [],
    capture: true,
    child: null,
    delay: 0,
    nested: [],
    keyword: {},
    callback: true
  },
  refSerialize: '6d0f588e32d881248e15de0d82544a3b'
}
[handleMsg]:  {
  key: {
    remoteJid: '50497090582@s.whatsapp.net',
    fromMe: false,
    id: 'BB45CE60767943A8EB3C99C275F1B130',
    participant: undefined
  },
  messageTimestamp: 1695575153,
  pushName: 'Rfunes',
  broadcast: false,
  message: Message {
    conversation: '1234',
    messageContextInfo: MessageContextInfo {
      deviceListMetadata: [DeviceListMetadata],
      deviceListMetadataVersion: 2
    }
  },
  body: '1234',
  from: '50497090582'
}
[ERROR.save]:  undefined
